<?xml version="1.0" encoding="UTF-8"?>
<!-- Generated by org.testng.reporters.JUnitReportReporter -->
<testsuite hostname="DESKTOP-C1V93AF" failures="0" tests="3" name="comtestNg.Data_TestNG" time="0.015" errors="0" timestamp="2023-06-12T13:53:38 CDT" skipped="0">
  <testcase classname="comtestNg.Data_TestNG" name="emp_no" time="0.013"/>
  <system-out/>
  <testcase classname="comtestNg.Data_TestNG" name="emp_name" time="0.001"/>
  <system-out/>
  <testcase classname="comtestNg.Data_TestNG" name="emp_salary" time="0.001"/>
  <system-out/>
</testsuite> <!-- comtestNg.Data_TestNG -->
